CREATE EXTENSION tpcds;
SELECT tpcds.gen_schema();
                gen_schema                
------------------------------------------
 Created 25 TPC-DS tables in tpcds schema
(1 row)

-- Verify 25 data tables exist (exclude extension metadata tables)
SELECT count(*) FROM pg_tables WHERE schemaname = 'tpcds'
  AND tablename NOT IN ('config', 'query', 'bench_results', 'bench_summary');
 count 
-------
    25
(1 row)

-- List all data tables
SELECT tablename FROM pg_tables WHERE schemaname = 'tpcds'
  AND tablename NOT IN ('config', 'query', 'bench_results', 'bench_summary')
  ORDER BY tablename;
       tablename        
------------------------
 call_center
 catalog_page
 catalog_returns
 catalog_sales
 customer
 customer_address
 customer_demographics
 date_dim
 dbgen_version
 household_demographics
 income_band
 inventory
 item
 promotion
 reason
 ship_mode
 store
 store_returns
 store_sales
 time_dim
 warehouse
 web_page
 web_returns
 web_sales
 web_site
(25 rows)

-- Verify search_path is not clobbered
SHOW search_path;
   search_path   
-----------------
 "$user", public
(1 row)

